0 silly argv {
0 silly argv   _: [ 'add' ],
0 silly argv   scope: 'server',
0 silly argv   globs: [],
0 silly argv   lernaVersion: '5.4.3',
0 silly argv   '$0': '/Users/egortalovikov/dev/crazy-kitchen/node_modules/.bin/lerna',
0 silly argv   pkg: 'bodyParser'
0 silly argv }
1 notice cli v5.4.3
2 verbose rootPath /Users/egortalovikov/dev/crazy-kitchen
3 error HttpErrorGeneral: 404 Not Found - GET https://registry.yarnpkg.com/bodyParser - Not found
3 error     at /Users/egortalovikov/dev/crazy-kitchen/node_modules/npm-registry-fetch/lib/check-response.js:95:15
3 error     at process.processTicksAndRejections (node:internal/process/task_queues:95:5)
3 error     at async RegistryFetcher.packument (/Users/egortalovikov/dev/crazy-kitchen/node_modules/pacote/lib/registry.js:92:19)
0 silly argv   '$0': 'node_modules\\lerna\\cli.js',
0 silly argv   pkg: 'get-raw-body'
0 silly argv }
1 notice cli v5.4.3
2 verbose rootPath C:\Users\epol1\IdeaProjects\crazy-kitchen
3 error HttpErrorGeneral: 404 Not Found - GET https://registry.yarnpkg.com/get-raw-body - Not found
3 error     at C:\Users\epol1\IdeaProjects\crazy-kitchen\node_modules\npm-registry-fetch\lib\check-response.js:95:15
3 error     at processTicksAndRejections (node:internal/process/task_queues:96:5)
3 error     at async RegistryFetcher.packument (C:\Users\epol1\IdeaProjects\crazy-kitchen\node_modules\pacote\lib\registry.js:92:19)
